d:\admissioninterface\debug\admissioninterface.pch
d:\admissioninterface\debug\vc142.pdb
d:\admissioninterface\debug\vc142.idb
d:\admissioninterface\debug\stdafx.obj
d:\admissioninterface\debug\student.obj
d:\admissioninterface\debug\btree.obj
d:\admissioninterface\debug\binarytree.obj
d:\admissioninterface\debug\admissioninterfacedlg.obj
d:\admissioninterface\debug\admissioninterface.obj
d:\admissioninterface\debug\admissioninterface.res
d:\admissioninterface\bin\admissioninterface.exe
d:\admissioninterface\debug\admissio.6d402fa4.tlog\cl.command.1.tlog
d:\admissioninterface\debug\admissio.6d402fa4.tlog\cl.read.1.tlog
d:\admissioninterface\debug\admissio.6d402fa4.tlog\cl.write.1.tlog
d:\admissioninterface\debug\admissio.6d402fa4.tlog\link.command.1.tlog
d:\admissioninterface\debug\admissio.6d402fa4.tlog\link.read.1.tlog
d:\admissioninterface\debug\admissio.6d402fa4.tlog\link.write.1.tlog
d:\admissioninterface\debug\admissio.6d402fa4.tlog\rc.command.1.tlog
d:\admissioninterface\debug\admissio.6d402fa4.tlog\rc.read.1.tlog
d:\admissioninterface\debug\admissio.6d402fa4.tlog\rc.write.1.tlog
