  stdafx.cpp
  AdmissionInterface.cpp
  AdmissionInterfaceDlg.cpp
D:\AdmissionInterface\AdmissionInterface\AdmissionInterfaceDlg.cpp(447,57): error C2664: 'void sql::PreparedStatement::setString(unsigned int,const sql::SQLString &)': cannot convert argument 2 from 'wchar_t *' to 'const sql::SQLString &'
D:\AdmissionInterface\AdmissionInterface\AdmissionInterfaceDlg.cpp(447,57): message : Reason: cannot convert from 'wchar_t *' to 'const sql::SQLString'
D:\AdmissionInterface\AdmissionInterface\AdmissionInterfaceDlg.cpp(447,57): message : No constructor could take the source type, or constructor overload resolution was ambiguous
D:\AdmissionInterface\mysql\include\jdbc\cppconn\prepared_statement.h(91,16): message : see declaration of 'sql::PreparedStatement::setString'
D:\AdmissionInterface\AdmissionInterface\AdmissionInterfaceDlg.cpp(448,60): error C2664: 'void sql::PreparedStatement::setString(unsigned int,const sql::SQLString &)': cannot convert argument 2 from 'wchar_t *' to 'const sql::SQLString &'
D:\AdmissionInterface\AdmissionInterface\AdmissionInterfaceDlg.cpp(448,60): message : Reason: cannot convert from 'wchar_t *' to 'const sql::SQLString'
D:\AdmissionInterface\AdmissionInterface\AdmissionInterfaceDlg.cpp(448,60): message : No constructor could take the source type, or constructor overload resolution was ambiguous
D:\AdmissionInterface\mysql\include\jdbc\cppconn\prepared_statement.h(91,16): message : see declaration of 'sql::PreparedStatement::setString'
D:\AdmissionInterface\AdmissionInterface\AdmissionInterfaceDlg.cpp(449,63): error C2664: 'void sql::PreparedStatement::setString(unsigned int,const sql::SQLString &)': cannot convert argument 2 from 'wchar_t *' to 'const sql::SQLString &'
D:\AdmissionInterface\AdmissionInterface\AdmissionInterfaceDlg.cpp(449,63): message : Reason: cannot convert from 'wchar_t *' to 'const sql::SQLString'
D:\AdmissionInterface\AdmissionInterface\AdmissionInterfaceDlg.cpp(449,63): message : No constructor could take the source type, or constructor overload resolution was ambiguous
D:\AdmissionInterface\mysql\include\jdbc\cppconn\prepared_statement.h(91,16): message : see declaration of 'sql::PreparedStatement::setString'
D:\AdmissionInterface\AdmissionInterface\AdmissionInterfaceDlg.cpp(457,54): error C2664: 'void sql::PreparedStatement::setString(unsigned int,const sql::SQLString &)': cannot convert argument 2 from 'wchar_t *' to 'const sql::SQLString &'
D:\AdmissionInterface\AdmissionInterface\AdmissionInterfaceDlg.cpp(457,54): message : Reason: cannot convert from 'wchar_t *' to 'const sql::SQLString'
D:\AdmissionInterface\AdmissionInterface\AdmissionInterfaceDlg.cpp(457,54): message : No constructor could take the source type, or constructor overload resolution was ambiguous
D:\AdmissionInterface\mysql\include\jdbc\cppconn\prepared_statement.h(91,16): message : see declaration of 'sql::PreparedStatement::setString'
D:\AdmissionInterface\AdmissionInterface\AdmissionInterfaceDlg.cpp(458,55): error C2664: 'void sql::PreparedStatement::setString(unsigned int,const sql::SQLString &)': cannot convert argument 2 from 'wchar_t *' to 'const sql::SQLString &'
D:\AdmissionInterface\AdmissionInterface\AdmissionInterfaceDlg.cpp(458,55): message : Reason: cannot convert from 'wchar_t *' to 'const sql::SQLString'
D:\AdmissionInterface\AdmissionInterface\AdmissionInterfaceDlg.cpp(458,55): message : No constructor could take the source type, or constructor overload resolution was ambiguous
D:\AdmissionInterface\mysql\include\jdbc\cppconn\prepared_statement.h(91,16): message : see declaration of 'sql::PreparedStatement::setString'
  BinaryTree.cpp
  BTree.cpp
  Student.cpp
